[23:58:12] [ServerMain/INFO]: [bootstrap] Running Java 21 (OpenJDK 64-Bit Server VM 21.0.7+6-Ubuntu-0ubuntu124.04; Ubuntu null) on Linux 6.8.0-1027-azure (amd64)
[23:58:12] [ServerMain/INFO]: [bootstrap] Loading Paper 1.21.8-6-main@782ce95 (2025-07-18T20:26:58Z) for Minecraft 1.21.8
[23:58:12] [ServerMain/INFO]: [PluginInitializerManager] Initializing plugins...
[23:58:13] [ServerMain/INFO]: [PluginInitializerManager] Initialized 5 plugins
[23:58:13] [ServerMain/INFO]: [PluginInitializerManager] Paper plugins (1):
 - Minepacks (2.4.32.4-T20250718161642)
[23:58:13] [ServerMain/INFO]: [PluginInitializerManager] Bukkit plugins (4):
 - Geyser-Spigot (2.8.2-SNAPSHOT), Slimefun (Experimental - 2), ViaVersion (5.4.2), floodgate (2.2.4-SNAPSHOT (b118-40d320a))
[23:58:21] [ServerMain/INFO]: Environment: Environment[sessionHost=https://sessionserver.mojang.com, servicesHost=https://api.minecraftservices.com, name=PROD]
[23:58:26] [Worker-Main-1/ERROR]: Couldn't parse data file 'pk_waystones:waystone/andesite' from 'pk_waystones:recipe/waystone/andesite.json': DataResult.Error['Not a JSON object: 11130032 missed input: {"minecraft:custom_model_data":11130032}; Map entry 'E' : Failed to parse either. First: Not a string: {"item":"minecraft:ender_eye"}; Second: Failed to parse either. First: Not a json array: {"item":"minecraft:ender_eye"}; Second: Not a string: {"item":"minecraft:ender_eye"}']
[23:58:26] [Worker-Main-1/ERROR]: Couldn't parse data file 'pk_waystones:waystone/copper' from 'pk_waystones:recipe/waystone/copper.json': DataResult.Error['Not a JSON object: 11130037 missed input: {"minecraft:custom_model_data":11130037}; Map entry 'E' : Failed to parse either. First: Not a string: {"item":"minecraft:ender_eye"}; Second: Failed to parse either. First: Not a json array: {"item":"minecraft:ender_eye"}; Second: Not a string: {"item":"minecraft:ender_eye"}']
[23:58:26] [Worker-Main-1/ERROR]: Couldn't parse data file 'pk_waystones:waystone/deepslate' from 'pk_waystones:recipe/waystone/deepslate.json': DataResult.Error['Not a JSON object: 11130035 missed input: {"minecraft:custom_model_data":11130035}; Map entry 'E' : Failed to parse either. First: Not a string: {"item":"minecraft:ender_eye"}; Second: Failed to parse either. First: Not a json array: {"item":"minecraft:ender_eye"}; Second: Not a string: {"item":"minecraft:ender_eye"}']
[23:58:26] [Worker-Main-1/ERROR]: Couldn't parse data file 'pk_waystones:waystone/mossy' from 'pk_waystones:recipe/waystone/mossy.json': DataResult.Error['Not a JSON object: 11130036 missed input: {"minecraft:custom_model_data":11130036}; Map entry 'E' : Failed to parse either. First: Not a string: {"item":"minecraft:ender_eye"}; Second: Failed to parse either. First: Not a json array: {"item":"minecraft:ender_eye"}; Second: Not a string: {"item":"minecraft:ender_eye"}']
[23:58:26] [Worker-Main-1/ERROR]: Couldn't parse data file 'pk_waystones:waystone/nether' from 'pk_waystones:recipe/waystone/nether.json': DataResult.Error['Not a JSON object: 11130034 missed input: {"minecraft:custom_model_data":11130034}; Map entry 'E' : Failed to parse either. First: Not a string: {"item":"minecraft:ender_eye"}; Second: Failed to parse either. First: Not a json array: {"item":"minecraft:ender_eye"}; Second: Not a string: {"item":"minecraft:ender_eye"}']
[23:58:26] [Worker-Main-1/ERROR]: Couldn't parse data file 'pk_waystones:waystone/prismarine' from 'pk_waystones:recipe/waystone/prismarine.json': DataResult.Error['Not a JSON object: 11130038 missed input: {"minecraft:custom_model_data":11130038}; Map entry 'E' : Failed to parse either. First: Not a string: {"item":"minecraft:ender_eye"}; Second: Failed to parse either. First: Not a json array: {"item":"minecraft:ender_eye"}; Second: Not a string: {"item":"minecraft:ender_eye"}']
[23:58:26] [Worker-Main-1/ERROR]: Couldn't parse data file 'pk_waystones:waystone/sand' from 'pk_waystones:recipe/waystone/sand.json': DataResult.Error['Not a JSON object: 11130033 missed input: {"minecraft:custom_model_data":11130033}; Map entry 'E' : Failed to parse either. First: Not a string: {"item":"minecraft:ender_eye"}; Second: Failed to parse either. First: Not a json array: {"item":"minecraft:ender_eye"}; Second: Not a string: {"item":"minecraft:ender_eye"}']
[23:58:26] [Worker-Main-1/ERROR]: Couldn't parse data file 'pk_waystones:waystone/tuff' from 'pk_waystones:recipe/waystone/tuff.json': DataResult.Error['Not a JSON object: 11130039 missed input: {"minecraft:custom_model_data":11130039}; Map entry 'E' : Failed to parse either. First: Not a string: {"item":"minecraft:ender_eye"}; Second: Failed to parse either. First: Not a json array: {"item":"minecraft:ender_eye"}; Second: Not a string: {"item":"minecraft:ender_eye"}']
[23:58:27] [ServerMain/INFO]: Loaded 1411 recipes
[23:58:27] [ServerMain/ERROR]: Failed to load function pk_waystones:blocks/waystone/place/data/render_item
java.util.concurrent.CompletionException: java.lang.IllegalArgumentException: Whilst parsing command on line 4: Malformed 'minecraft:enchantments' component: 'Not a number; Failed to get element minecraft:levels missed input: {levels:{"minecraft:silk_touch":1}}' at position 99: ...hantments=<--[HERE]
	at java.base/java.util.concurrent.CompletableFuture.encodeThrowable(CompletableFuture.java:315) ~[?:?]
	at java.base/java.util.concurrent.CompletableFuture.completeThrowable(CompletableFuture.java:320) ~[?:?]
	at java.base/java.util.concurrent.CompletableFuture$AsyncSupply.run(CompletableFuture.java:1770) ~[?:?]
	at net.minecraft.server.packs.resources.SimpleReloadInstance.lambda$prepareTasks$0(SimpleReloadInstance.java:69) ~[paper-1.21.8.jar:1.21.8-6-782ce95]
	at java.base/java.util.concurrent.ForkJoinTask$RunnableExecuteAction.exec(ForkJoinTask.java:1423) ~[?:?]
	at java.base/java.util.concurrent.ForkJoinTask.doExec(ForkJoinTask.java:387) ~[?:?]
	at java.base/java.util.concurrent.ForkJoinPool$WorkQueue.topLevelExec(ForkJoinPool.java:1312) ~[?:?]
	at java.base/java.util.concurrent.ForkJoinPool.scan(ForkJoinPool.java:1843) ~[?:?]
	at java.base/java.util.concurrent.ForkJoinPool.runWorker(ForkJoinPool.java:1808) ~[?:?]
	at java.base/java.util.concurrent.ForkJoinWorkerThread.run(ForkJoinWorkerThread.java:188) ~[?:?]
Caused by: java.lang.IllegalArgumentException: Whilst parsing command on line 4: Malformed 'minecraft:enchantments' component: 'Not a number; Failed to get element minecraft:levels missed input: {levels:{"minecraft:silk_touch":1}}' at position 99: ...hantments=<--[HERE]
	at net.minecraft.commands.functions.CommandFunction.fromLines(CommandFunction.java:86) ~[paper-1.21.8.jar:1.21.8-6-782ce95]
	at net.minecraft.server.ServerFunctionLibrary.lambda$reload$3(ServerFunctionLibrary.java:92) ~[paper-1.21.8.jar:1.21.8-6-782ce95]
	at java.base/java.util.concurrent.CompletableFuture$AsyncSupply.run(CompletableFuture.java:1768) ~[?:?]
	... 7 more
[23:58:27] [ServerMain/INFO]: Loaded 1859 advancements
[23:58:28] [ServerMain/INFO]: [ca.spottedleaf.dataconverter.minecraft.datatypes.MCTypeRegistry] Initialising converters for DataConverter...
[23:58:28] [ServerMain/INFO]: [ca.spottedleaf.dataconverter.minecraft.datatypes.MCTypeRegistry] Finished initialising converters for DataConverter in 800.7ms
[23:58:28] [Server thread/INFO]: Starting minecraft server version 1.21.8
[23:58:28] [Server thread/INFO]: Loading properties
[23:58:29] [Server thread/INFO]: This server is running Paper version 1.21.8-6-main@782ce95 (2025-07-18T20:26:58Z) (Implementing API version 1.21.8-R0.1-SNAPSHOT)
[23:58:29] [Server thread/INFO]: [spark] This server bundles the spark profiler. For more information please visit https://docs.papermc.io/paper/profiling
[23:58:29] [Server thread/INFO]: Server Ping Player Sample Count: 12
[23:58:29] [Server thread/INFO]: Using 4 threads for Netty based IO
[23:58:29] [Server thread/INFO]: [MoonriseCommon] Paper is using 1 worker threads, 1 I/O threads
[23:58:29] [Server thread/INFO]: [ChunkTaskScheduler] Chunk system is using population gen parallelism: true
[23:58:30] [Server thread/INFO]: Default game type: SURVIVAL
[23:58:30] [Server thread/INFO]: Generating keypair
[23:58:30] [Server thread/INFO]: Starting Minecraft server on *:25565
[23:58:30] [Server thread/INFO]: Using epoll channel type
[23:58:30] [Server thread/INFO]: Paper: Using libdeflate (Linux x86_64) compression from Velocity.
[23:58:30] [Server thread/INFO]: Paper: Using OpenSSL 3.x.x (Linux x86_64) cipher from Velocity.
[23:58:31] [Server thread/INFO]: [Minepacks] PCGF-PluginLib not installed. Switching to standalone mode!
[23:58:31] [Server thread/INFO]: [floodgate] Loading server plugin floodgate v2.2.4-SNAPSHOT (b118-40d320a)
[23:58:32] [Server thread/WARN]: [floodgate] en_ is not a supported Floodgate language.
[23:58:32] [Server thread/INFO]: [floodgate] Took 1,163ms to boot Floodgate
[23:58:32] [Server thread/INFO]: [ViaVersion] Loading server plugin ViaVersion v5.4.2
[23:58:32] [Server thread/INFO]: [ViaVersion] ViaVersion 5.4.2 is now loaded. Registering protocol transformers and injecting...
[23:58:33] [Via-Mappingloader-0/INFO]: [ViaVersion] Loading block connection mappings ...
[23:58:34] [Via-Mappingloader-0/INFO]: [ViaVersion] Using FastUtil Long2ObjectOpenHashMap for block connections
[23:58:34] [Server thread/INFO]: [Minepacks] Loading server plugin Minepacks v2.4.32.4-T20250718161642
[23:58:34] [Server thread/INFO]: [Slimefun] Loading server plugin Slimefun vExperimental - 2
[23:58:34] [Server thread/INFO]: [Geyser-Spigot] Loading server plugin Geyser-Spigot v2.8.2-SNAPSHOT
[23:58:35] [Server thread/INFO]: [Geyser-Spigot] Loading extensions...
[23:58:35] [Server thread/INFO]: [Geyser-Spigot] Loaded 0 extension(s)
[23:58:35] [Server thread/INFO]: Server permissions file permissions.yml is empty, ignoring it
[23:58:35] [Server thread/WARN]: **** SERVER IS RUNNING IN OFFLINE/INSECURE MODE!
[23:58:35] [Server thread/WARN]: The server will make no attempt to authenticate usernames. Beware.
[23:58:35] [Server thread/WARN]: While this makes the game possible to play without internet access, it also opens up the ability for hackers to connect with any username they choose.
[23:58:35] [Server thread/WARN]: To change this, set "online-mode" to "true" in the server.properties file.
[23:58:35] [Server thread/INFO]: Preparing level "world"
[23:58:36] [Server thread/INFO]: Preparing start region for dimension minecraft:overworld
[23:58:36] [Server thread/INFO]: Preparing spawn area: 0%
[23:58:36] [Server thread/INFO]: Preparing spawn area: 2%
[23:58:37] [Server thread/INFO]: Preparing spawn area: 16%
[23:58:38] [Server thread/INFO]: Preparing spawn area: 18%
[23:58:38] [Server thread/INFO]: Time elapsed: 1930 ms
[23:58:38] [Server thread/INFO]: Preparing start region for dimension minecraft:the_nether
[23:58:38] [Server thread/INFO]: Preparing spawn area: 0%
[23:58:38] [Server thread/INFO]: Time elapsed: 483 ms
[23:58:38] [Server thread/INFO]: Preparing start region for dimension minecraft:the_end
[23:58:38] [Server thread/INFO]: Preparing spawn area: 0%
[23:58:39] [Server thread/INFO]: Time elapsed: 199 ms
[23:58:39] [Server thread/INFO]: [floodgate] Enabling floodgate v2.2.4-SNAPSHOT (b118-40d320a)
[23:58:39] [Server thread/INFO]: [ViaVersion] Enabling ViaVersion v5.4.2
[23:58:39] [Server thread/INFO]: [ViaVersion] ViaVersion detected server version: 1.21.7-1.21.8 (772)
[23:58:40] [Server thread/WARN]: [ViaVersion] ViaVersion does not have any compatible versions for this server version!
[23:58:40] [Server thread/WARN]: [ViaVersion] ViaVersion only supports newer client versions. Use ViaBackwards to allow older versions (ViaRewind for 1.7/1.8) to join.
[23:58:40] [Server thread/WARN]: [ViaVersion] Get setup help at https://viaversion.com/setup or download ViaBackwards/ViaRewind directly at https://ci.viaversion.com/
[23:58:40] [Server thread/WARN]: [ViaVersion] Need more help? Join our Discord at https://viaversion.com/discord
[23:58:40] [Server thread/INFO]: [Minepacks] Enabling Minepacks v2.4.32.4-T20250718161642
[23:58:40] [Server thread/INFO]: [Minepacks] Starting Minepacks in standalone mode!
[23:58:40] [Server thread/INFO]: [Minepacks] Config file successfully loaded.
[23:58:40] [Server thread/WARN]: [Minepacks] Paper support is experimental! Use at your own risk!
[23:58:40] [Server thread/WARN]: [Minepacks] No guarantee for data integrity! Backup constantly!
[23:58:40] [Server thread/INFO]: [Minepacks] Language file successfully loaded. Language: english  Author: GeorgH93
[23:58:40] [Server thread/INFO]: [at.pcgamingfreaks.MinepacksStandalone.libs.com.zaxxer.hikari.HikariDataSource] Minepacks-Connection-Pool - Starting...
[23:58:40] [Server thread/INFO]: [at.pcgamingfreaks.MinepacksStandalone.libs.com.zaxxer.hikari.HikariDataSource] Minepacks-Connection-Pool - Start completed.
[23:58:41] [Server thread/INFO]: [Minepacks] Item name language file successfully loaded. Language: english  Author: GeorgH93
[23:58:41] [Server thread/INFO]: [Minepacks] Loading item translations ...
[23:58:41] [Server thread/INFO]: [Minepacks] Finished loading item translations for 826 items.
[23:58:41] [Server thread/INFO]: [Minepacks]  Minepacks has been enabled!  :) 
[23:58:41] [Server thread/INFO]: [Slimefun] Enabling Slimefun vExperimental - 2
[23:58:41] [Server thread/INFO]: [Slimefun] Paper was detected! Performance optimizations have been applied.
[23:58:41] [Server thread/INFO]: [Slimefun] Creating directories...
[23:58:41] [Server thread/INFO]: [Slimefun] Loading language files...
[23:58:41] [Server thread/ERROR]: [dough: skins] Failed to detect skull nbt methods
java.lang.NoSuchMethodException: net.minecraft.server.level.ServerLevel.getBlockEntity(net.minecraft.core.BlockPos,boolean)
	at java.base/java.lang.Class.getMethod(Class.java:2395) ~[?:?]
	at io.papermc.reflectionrewriter.runtime.AbstractDefaultRulesReflectionProxy.getMethod(AbstractDefaultRulesReflectionProxy.java:100) ~[reflection-rewriter-runtime-0.0.3.jar:?]
	at io.papermc.paper.pluginremap.reflect.PaperReflectionHolder.getMethod(Unknown Source) ~[paper-1.21.8.jar:1.21.8-6-782ce95]
	at Slimefun4-Experimental.jar/io.github.thebusybiscuit.slimefun4.libraries.dough.skins.nms.PlayerHeadAdapter20v5.<init>(PlayerHeadAdapter20v5.java:33) ~[Slimefun4-Experimental.jar:?]
	at Slimefun4-Experimental.jar/io.github.thebusybiscuit.slimefun4.libraries.dough.skins.nms.PlayerHeadAdapter.get(PlayerHeadAdapter.java:28) ~[Slimefun4-Experimental.jar:?]
	at Slimefun4-Experimental.jar/io.github.thebusybiscuit.slimefun4.libraries.dough.skins.PlayerHead.<clinit>(PlayerHead.java:23) ~[Slimefun4-Experimental.jar:?]
	at Slimefun4-Experimental.jar/io.github.thebusybiscuit.slimefun4.utils.SlimefunUtils.getCustomHead(SlimefunUtils.java:245) ~[Slimefun4-Experimental.jar:?]
	at Slimefun4-Experimental.jar/io.github.thebusybiscuit.slimefun4.core.services.localization.Language.<init>(Language.java:52) ~[Slimefun4-Experimental.jar:?]
	at Slimefun4-Experimental.jar/io.github.thebusybiscuit.slimefun4.core.services.LocalizationService.<init>(LocalizationService.java:67) ~[Slimefun4-Experimental.jar:?]
	at Slimefun4-Experimental.jar/io.github.thebusybiscuit.slimefun4.implementation.Slimefun.onPluginStart(Slimefun.java:300) ~[Slimefun4-Experimental.jar:?]
	at Slimefun4-Experimental.jar/io.github.thebusybiscuit.slimefun4.implementation.Slimefun.onEnable(Slimefun.java:241) ~[Slimefun4-Experimental.jar:?]
	at org.bukkit.plugin.java.JavaPlugin.setEnabled(JavaPlugin.java:280) ~[paper-api-1.21.8-R0.1-SNAPSHOT.jar:?]
	at io.papermc.paper.plugin.manager.PaperPluginInstanceManager.enablePlugin(PaperPluginInstanceManager.java:202) ~[paper-1.21.8.jar:1.21.8-6-782ce95]
	at io.papermc.paper.plugin.manager.PaperPluginManagerImpl.enablePlugin(PaperPluginManagerImpl.java:109) ~[paper-1.21.8.jar:1.21.8-6-782ce95]
	at org.bukkit.plugin.SimplePluginManager.enablePlugin(SimplePluginManager.java:520) ~[paper-api-1.21.8-R0.1-SNAPSHOT.jar:?]
	at org.bukkit.craftbukkit.CraftServer.enablePlugin(CraftServer.java:651) ~[paper-1.21.8.jar:1.21.8-6-782ce95]
	at org.bukkit.craftbukkit.CraftServer.enablePlugins(CraftServer.java:607) ~[paper-1.21.8.jar:1.21.8-6-782ce95]
	at net.minecraft.server.MinecraftServer.loadWorld0(MinecraftServer.java:743) ~[paper-1.21.8.jar:1.21.8-6-782ce95]
	at net.minecraft.server.MinecraftServer.loadLevel(MinecraftServer.java:488) ~[paper-1.21.8.jar:1.21.8-6-782ce95]
	at net.minecraft.server.dedicated.DedicatedServer.initServer(DedicatedServer.java:280) ~[paper-1.21.8.jar:1.21.8-6-782ce95]
	at net.minecraft.server.MinecraftServer.runServer(MinecraftServer.java:1164) ~[paper-1.21.8.jar:1.21.8-6-782ce95]
	at net.minecraft.server.MinecraftServer.lambda$spin$2(MinecraftServer.java:310) ~[paper-1.21.8.jar:1.21.8-6-782ce95]
	at java.base/java.lang.Thread.run(Thread.java:1583) ~[?:?]
[23:58:41] [Server thread/INFO]: Environment: Environment[sessionHost=https://sessionserver.mojang.com, servicesHost=https://api.minecraftservices.com, name=PROD]
[23:58:42] [Server thread/INFO]: [Slimefun] Loaded language "en"
[23:58:42] [Server thread/INFO]: [Slimefun] Available languages: en, de, fr, it, es, ru, pl, uk, sv, nl, da, cs, ro, bg, pt, pt-BR, hu, lv, sk, vi, id, zh-CN, zh-TW, ja, ko, he, ar, tr, fa, th, tl
[23:58:42] [Server thread/INFO]: [Slimefun] Using legacy storage for player data
[23:58:42] [Server thread/INFO]: [Slimefun] Enabled Analytics Service
[23:58:42] [Slimefun Metrics/INFO]: [Slimefun] MetricsModule does not exist, downloading...
[23:58:42] [Server thread/INFO]: [Slimefun] Starting Auto-Updater...
[23:58:42] [Server thread/WARN]: [Slimefun] #######################################################
[23:58:42] [Server thread/WARN]: [Slimefun] It looks like you are using an unofficially modified build of Slimefun!
[23:58:42] [Server thread/WARN]: [Slimefun] Auto-Updates have been disabled, this build is not considered safe.
[23:58:42] [Server thread/WARN]: [Slimefun] Do not report bugs encountered in this Version of Slimefun to any official sources.
[23:58:42] [Server thread/WARN]: [Slimefun] #######################################################
[23:58:42] [Server thread/INFO]: [Slimefun] Loading GEO-Resources...
[23:58:42] [Slimefun Metrics/INFO]: [Slimefun] # Starting download of MetricsModule build: #29
[23:58:42] [Slimefun Metrics/WARN]: [Slimefun] Failed to download the latest jar file from GitHub. Response code: 302
[23:58:42] [Slimefun Metrics/WARN]: [Slimefun] Failed to start metrics as the file could not be downloaded.
[23:58:43] [Server thread/INFO]: [Slimefun] Loading Tags...
[23:58:43] [Server thread/INFO]: [Slimefun] Loading items...
[23:58:45] [Server thread/INFO]: [Slimefun] Loading researches...
[23:58:45] [Server thread/INFO]: [Slimefun] Loading Wiki pages...
[23:58:45] [Server thread/INFO]: [Slimefun] Registering listeners...
[23:58:45] [Server thread/INFO]: [Slimefun] Loading Third-Party plugin integrations...
[23:58:45] [Server thread/INFO]: [Slimefun] Slimefun has finished loading in 4.46s
[23:58:45] [Server thread/INFO]: [Geyser-Spigot] Enabling Geyser-Spigot v2.8.2-SNAPSHOT
[23:58:46] [Server thread/INFO]: [spark] Starting background profiler...
[23:58:47] [Server thread/INFO]: [Geyser-Spigot] ******************************************
[23:58:47] [Server thread/INFO]: [Geyser-Spigot] 
[23:58:47] [Server thread/INFO]: [Geyser-Spigot] Loading Geyser version 2.8.2-b888 (git-master-7a15450)
[23:58:47] [Server thread/INFO]: [Geyser-Spigot] 
[23:58:47] [Server thread/INFO]: [Geyser-Spigot] ******************************************
[23:58:55] [epollEventLoopGroup-3-1/INFO]: [Geyser-Spigot] Started Geyser on UDP port 1954
[23:58:55] [Server thread/INFO]: [Geyser-Spigot] Done (8.937s)! Run /geyser help for help!
[23:58:56] [Server thread/INFO]: Done preparing level "world" (20.687s)
[23:58:56] [Server thread/INFO]: Running delayed init tasks
[23:58:56] [Craft Scheduler Thread - 2 - ViaVersion/INFO]: [ViaVersion] Finished mapping loading, shutting down loader executor.
[23:58:56] [Server thread/INFO]: [Slimefun] Collecting Snapshots of all Recipes...
[23:58:56] [Server thread/INFO]: [Slimefun] Found 1,411 Recipes!
[23:58:56] [Server thread/INFO]: 
[23:58:56] [Server thread/INFO]: ######################### - Slimefun vExperimental - 2 - #########################
[23:58:56] [Server thread/INFO]: 
[23:58:56] [Server thread/INFO]: Successfully loaded 555 Items and 258 Researches
[23:58:56] [Server thread/INFO]: ( 555 Items from Slimefun, 0 Items from 0 Addons )
[23:58:56] [Server thread/INFO]: 
[23:58:56] [Server thread/INFO]: Slimefun is an Open-Source project that is kept alive by a large community.
[23:58:56] [Server thread/INFO]: Consider helping us maintain this project by contributing on GitHub!
[23:58:56] [Server thread/INFO]:  - UNOFFICIALLY MODIFIED BUILD - NO OFFICIAL SUPPORT GIVEN
[23:58:56] [Server thread/INFO]: 
[23:58:56] [Server thread/INFO]: [Slimefun] Loading Blocks for World "world"
[23:58:56] [Server thread/INFO]: [Slimefun] This may take a long time...
[23:58:56] [Server thread/INFO]: [Slimefun] Loading Blocks... 100% (FINISHED - 0ms)
[23:58:56] [Server thread/INFO]: [Slimefun] Loaded a total of 0 Blocks for World "world"
[23:58:56] [Server thread/INFO]: [Slimefun] Loading Blocks for World "world_nether"
[23:58:56] [Server thread/INFO]: [Slimefun] This may take a long time...
[23:58:56] [Server thread/INFO]: [Slimefun] Loading Blocks... 100% (FINISHED - 0ms)
[23:58:56] [Server thread/INFO]: [Slimefun] Loaded a total of 0 Blocks for World "world_nether"
[23:58:56] [Server thread/INFO]: [Slimefun] Loading Blocks for World "world_the_end"
[23:58:56] [Server thread/INFO]: [Slimefun] This may take a long time...
[23:58:56] [Server thread/INFO]: [Slimefun] Loading Blocks... 100% (FINISHED - 0ms)
[23:58:56] [Server thread/INFO]: [Slimefun] Loaded a total of 0 Blocks for World "world_the_end"
[23:58:57] [Server thread/INFO]: [dough: protection] Loading Protection Modules...
[23:58:57] [Server thread/INFO]: [dough: protection] This may happen more than once.
[23:58:57] [Server thread/INFO]: Done (46.091s)! For help, type "help"
